<?xml version="1.0" encoding="UTF-8"?>
<!-- Generated by org.testng.reporters.JUnitXMLReporter -->
<testsuite ignored="0" hostname="seleniuminstance1-0" failures="0" tests="3" name="Surefire test" time="86.1" errors="0" timestamp="2023-10-18T17:37:21 UTC">
  <testcase classname="runner.Testcase_Holiday" name="TC_002" time="17.308"/>
  <testcase classname="runner.Testcase_Hotel" name="TC_001" time="12.768"/>
  <testcase classname="runner.Testcase_Flight" name="TC_003" time="40.454"/>
</testsuite> <!-- Surefire test -->
