<?xml version="1.0" encoding="UTF-8"?>
<testng-results ignored="0" total="1" passed="1" failed="0" skipped="0">
  <reporter-output>
  </reporter-output>
  <suite started-at="2023-10-25T10:16:07 UTC" name="Surefire suite" finished-at="2023-10-25T10:17:30 UTC" duration-ms="82561">
    <groups>
    </groups>
    <test started-at="2023-10-25T10:16:07 UTC" name="Surefire test" finished-at="2023-10-25T10:17:30 UTC" duration-ms="82561">
      <class name="test.java.runner.Test_Browser">
        <test-method signature="display1()[pri:0, instance:test.java.runner.Test_Browser@78aab498]" started-at="2023-10-25T10:16:08 UTC" name="display1" finished-at="2023-10-25T10:17:30 UTC" duration-ms="82470" status="PASS">
          <reporter-output>
          </reporter-output>
        </test-method> <!-- display1 -->
      </class> <!-- test.java.runner.Test_Browser -->
    </test> <!-- Surefire test -->
  </suite> <!-- Surefire suite -->
</testng-results>
